{
"d:\\Develop\\github\\aurelia-ui-node-red\\debug\\backend\\server.js":{"path":"d:\\Develop\\github\\aurelia-ui-node-red\\debug\\backend\\server.js","s":{"1":1,"2":1,"3":1,"4":1,"5":1,"6":1,"7":0,"8":0,"9":0,"10":0,"11":0,"12":0,"13":0,"14":0,"15":0,"16":0,"17":0,"18":0,"19":0},"b":{},"f":{},"fnMap":{},"statementMap":{"1":{"start":{"line":2,"column":0},"end":{"line":2,"column":35}},"2":{"start":{"line":3,"column":0},"end":{"line":3,"column":29}},"3":{"start":{"line":4,"column":0},"end":{"line":4,"column":38}},"4":{"start":{"line":5,"column":0},"end":{"line":5,"column":29}},"5":{"start":{"line":6,"column":0},"end":{"line":6,"column":62}},"6":{"start":{"line":7,"column":0},"end":{"line":35,"column":2}},"7":{"start":{"line":8,"column":4},"end":{"line":8,"column":36}},"8":{"start":{"line":9,"column":4},"end":{"line":9,"column":26}},"9":{"start":{"line":10,"column":4},"end":{"line":10,"column":73}},"10":{"start":{"line":11,"column":4},"end":{"line":11,"column":42}},"11":{"start":{"line":12,"column":4},"end":{"line":12,"column":32}},"12":{"start":{"line":13,"column":4},"end":{"line":15,"column":7}},"13":{"start":{"line":14,"column":8},"end":{"line":14,"column":40}},"14":{"start":{"line":16,"column":4},"end":{"line":29,"column":6}},"15":{"start":{"line":30,"column":4},"end":{"line":30,"column":31}},"16":{"start":{"line":31,"column":4},"end":{"line":31,"column":51}},"17":{"start":{"line":32,"column":4},"end":{"line":32,"column":49}},"18":{"start":{"line":33,"column":4},"end":{"line":33,"column":24}},"19":{"start":{"line":34,"column":4},"end":{"line":34,"column":16}}},"branchMap":{},"l":{"2":1,"3":1,"4":1,"5":1,"6":1,"7":1,"8":0,"9":0,"10":0,"11":0,"12":0,"13":0,"14":0,"16":0,"30":0,"31":0,"32":0,"33":0,"34":0}}}
